Performing C SOURCE FILE Test CMAKE_HAVE_LIBC_PTHREAD failed with the following output:
Change Dir: /home/hy/TinyRPC/Tiny_RPC/build/CMakeFiles/CMakeTmp

Run Build Command(s):/usr/bin/make cmTC_29fbb/fast && /usr/bin/make  -f CMakeFiles/cmTC_29fbb.dir/build.make CMakeFiles/cmTC_29fbb.dir/build
make[1]: 进入目录“/home/hy/TinyRPC/Tiny_RPC/build/CMakeFiles/CMakeTmp”
Building C object CMakeFiles/cmTC_29fbb.dir/src.c.o
/usr/bin/cc   -DCMAKE_HAVE_LIBC_PTHREAD -o CMakeFiles/cmTC_29fbb.dir/src.c.o -c /home/hy/TinyRPC/Tiny_RPC/build/CMakeFiles/CMakeTmp/src.c
Linking C executable cmTC_29fbb
/usr/local/lib/python3.8/dist-packages/cmake/data/bin/cmake -E cmake_link_script CMakeFiles/cmTC_29fbb.dir/link.txt --verbose=1
/usr/bin/cc  -DCMAKE_HAVE_LIBC_PTHREAD -lpthread -ldl  CMakeFiles/cmTC_29fbb.dir/src.c.o -o cmTC_29fbb 
/usr/bin/ld: CMakeFiles/cmTC_29fbb.dir/src.c.o: in function `main':
src.c:(.text+0x46): undefined reference to `pthread_create'
/usr/bin/ld: src.c:(.text+0x52): undefined reference to `pthread_detach'
/usr/bin/ld: src.c:(.text+0x5e): undefined reference to `pthread_cancel'
/usr/bin/ld: src.c:(.text+0x6f): undefined reference to `pthread_join'
collect2: error: ld returned 1 exit status
make[1]: *** [CMakeFiles/cmTC_29fbb.dir/build.make:106：cmTC_29fbb] 错误 1
make[1]: 离开目录“/home/hy/TinyRPC/Tiny_RPC/build/CMakeFiles/CMakeTmp”
make: *** [Makefile:140：cmTC_29fbb/fast] 错误 2


Source file was:
#include <pthread.h>

void* test_func(void* data)
{
  return data;
}

int main(void)
{
  pthread_t thread;
  pthread_create(&thread, NULL, test_func, NULL);
  pthread_detach(thread);
  pthread_cancel(thread);
  pthread_join(thread, NULL);
  pthread_atfork(NULL, NULL, NULL);
  pthread_exit(NULL);

  return 0;
}

